<?xml version='1.0' encoding='UTF-8'?>
<testsuite errors="0" failures="11" name="tests_xtimer_benchmarks" skipped="0" tests="11" time="3.354"><testcase classname="tests_xtimer_benchmarks.Timer Version" name="Save Timer Version" time="0.002"><failure>Parent suite setup failed:
'['esp32-wroom-32', '2020.07', 'tests_ztimer_benchmarks']' does not contain 'tests_xtimer_benchmarks'</failure></testcase><testcase classname="tests_xtimer_benchmarks.Sleep Jitter" name="0 BG Timer" time="0.002"><failure>Parent suite setup failed:
'['esp32-wroom-32', '2020.07', 'tests_ztimer_benchmarks']' does not contain 'tests_xtimer_benchmarks'</failure></testcase><testcase classname="tests_xtimer_benchmarks.Sleep Jitter" name="5 BG Timer" time="0.001"><failure>Parent suite setup failed:
'['esp32-wroom-32', '2020.07', 'tests_ztimer_benchmarks']' does not contain 'tests_xtimer_benchmarks'</failure></testcase><testcase classname="tests_xtimer_benchmarks.Sleep Jitter" name="10 BG Timer" time="0.003"><failure>Parent suite setup failed:
'['esp32-wroom-32', '2020.07', 'tests_ztimer_benchmarks']' does not contain 'tests_xtimer_benchmarks'</failure></testcase><testcase classname="tests_xtimer_benchmarks.Sleep Jitter" name="15 BG Timer" time="0.001"><failure>Parent suite setup failed:
'['esp32-wroom-32', '2020.07', 'tests_ztimer_benchmarks']' does not contain 'tests_xtimer_benchmarks'</failure></testcase><testcase classname="tests_xtimer_benchmarks.Sleep Jitter" name="20 BG Timer" time="0.002"><failure>Parent suite setup failed:
'['esp32-wroom-32', '2020.07', 'tests_ztimer_benchmarks']' does not contain 'tests_xtimer_benchmarks'</failure></testcase><testcase classname="tests_xtimer_benchmarks.Sleep Jitter" name="25 BG Timers" time="0.002"><failure>Parent suite setup failed:
'['esp32-wroom-32', '2020.07', 'tests_ztimer_benchmarks']' does not contain 'tests_xtimer_benchmarks'</failure></testcase><testcase classname="tests_xtimer_benchmarks.Sleep Jitter" name="30 BG Timers" time="0.001"><failure>Parent suite setup failed:
'['esp32-wroom-32', '2020.07', 'tests_ztimer_benchmarks']' does not contain 'tests_xtimer_benchmarks'</failure></testcase><testcase classname="tests_xtimer_benchmarks.Sleep Jitter" name="35 BG Timers" time="0.002"><failure>Parent suite setup failed:
'['esp32-wroom-32', '2020.07', 'tests_ztimer_benchmarks']' does not contain 'tests_xtimer_benchmarks'</failure></testcase><testcase classname="tests_xtimer_benchmarks.Sleep Jitter" name="40 BG Timers" time="0.002"><failure>Parent suite setup failed:
'['esp32-wroom-32', '2020.07', 'tests_ztimer_benchmarks']' does not contain 'tests_xtimer_benchmarks'</failure></testcase><testcase classname="tests_xtimer_benchmarks.Sleep Jitter" name="50 BG Timers" time="0.002"><failure>Parent suite setup failed:
'['esp32-wroom-32', '2020.07', 'tests_ztimer_benchmarks']' does not contain 'tests_xtimer_benchmarks'</failure></testcase></testsuite>