<?xml version='1.0' encoding='UTF-8'?>
<testsuite errors="0" failures="18" name="tests_xtimer_benchmarks" skipped="0" tests="18" time="74.336"><testcase classname="tests_xtimer_benchmarks.Timer Version" name="Save Timer Version" time="0.006"><failure>Parent suite setup failed:
'Timeout' does not contain 'Success'</failure></testcase><testcase classname="tests_xtimer_benchmarks.Timer Overhead" name="Measure GPIO" time="0.007"><failure>Parent suite setup failed:
'Timeout' does not contain 'Success'</failure></testcase><testcase classname="tests_xtimer_benchmarks.Timer Overhead" name="Measure Overhead TIMER_NOW" time="0.004"><failure>Parent suite setup failed:
'Timeout' does not contain 'Success'</failure></testcase><testcase classname="tests_xtimer_benchmarks.Timer Overhead" name="Measure Overhead Set First Timer" time="0.003"><failure>Parent suite setup failed:
'Timeout' does not contain 'Success'</failure></testcase><testcase classname="tests_xtimer_benchmarks.Timer Overhead" name="Measure Overhead Set Middle Timer" time="0.002"><failure>Parent suite setup failed:
'Timeout' does not contain 'Success'</failure></testcase><testcase classname="tests_xtimer_benchmarks.Timer Overhead" name="Measure Overhead Set Last Timer" time="0.002"><failure>Parent suite setup failed:
'Timeout' does not contain 'Success'</failure></testcase><testcase classname="tests_xtimer_benchmarks.Timer Overhead" name="Measure Overhead Remove First Timer" time="0.002"><failure>Parent suite setup failed:
'Timeout' does not contain 'Success'</failure></testcase><testcase classname="tests_xtimer_benchmarks.Timer Overhead" name="Measure Overhead Remove Middle Timer" time="0.002"><failure>Parent suite setup failed:
'Timeout' does not contain 'Success'</failure></testcase><testcase classname="tests_xtimer_benchmarks.Timer Overhead" name="Measure Overhead Remove Last Timer" time="0.002"><failure>Parent suite setup failed:
'Timeout' does not contain 'Success'</failure></testcase><testcase classname="tests_xtimer_benchmarks.Timer Overhead" name="Measure Add Timers" time="0.002"><failure>Parent suite setup failed:
'Timeout' does not contain 'Success'</failure></testcase><testcase classname="tests_xtimer_benchmarks.Sleep Accuracy" name="Measure TIMER_SET Accuracy" time="0.005"><failure>Parent suite setup failed:
'Timeout' does not contain 'Success'</failure></testcase><testcase classname="tests_xtimer_benchmarks.Sleep Accuracy" name="Measure TIMER_SLEEP Accuracy" time="0.004"><failure>Parent suite setup failed:
'Timeout' does not contain 'Success'</failure></testcase><testcase classname="tests_xtimer_benchmarks.Sleep Jitter" name="0 BG Timers" time="0.006"><failure>Parent suite setup failed:
'Timeout' does not contain 'Success'</failure></testcase><testcase classname="tests_xtimer_benchmarks.Sleep Jitter" name="5 BG Timers" time="0.008"><failure>Parent suite setup failed:
'Timeout' does not contain 'Success'</failure></testcase><testcase classname="tests_xtimer_benchmarks.Sleep Jitter" name="10 BG Timers" time="0.003"><failure>Parent suite setup failed:
'Timeout' does not contain 'Success'</failure></testcase><testcase classname="tests_xtimer_benchmarks.Sleep Jitter" name="15 BG Timers" time="0.004"><failure>Parent suite setup failed:
'Timeout' does not contain 'Success'</failure></testcase><testcase classname="tests_xtimer_benchmarks.Sleep Jitter" name="20 BG Timers" time="0.003"><failure>Parent suite setup failed:
'Timeout' does not contain 'Success'</failure></testcase><testcase classname="tests_xtimer_benchmarks.Sleep Jitter" name="25 BG Timers" time="0.003"><failure>Parent suite setup failed:
'Timeout' does not contain 'Success'</failure></testcase></testsuite>